<?xml version="1.0" encoding="utf-8"?><testsuites name="pytest tests"><testsuite name="pytest" errors="0" failures="0" skipped="0" tests="30" time="4.604" timestamp="2026-01-19T13:17:09.797398+00:00" hostname="agent-env-cb01f988-5f51-4c51-91de-25d4efd8c273"><testcase classname="tests.test_telegram_bot_manager.TestAuthEndpoints" name="test_register_user" time="0.300" /><testcase classname="tests.test_telegram_bot_manager.TestAuthEndpoints" name="test_register_duplicate_email" time="0.304" /><testcase classname="tests.test_telegram_bot_manager.TestAuthEndpoints" name="test_login_success" time="0.259" /><testcase classname="tests.test_telegram_bot_manager.TestAuthEndpoints" name="test_login_invalid_credentials" time="0.035" /><testcase classname="tests.test_telegram_bot_manager.TestAuthEndpoints" name="test_get_me" time="0.075" /><testcase classname="tests.test_telegram_bot_manager.TestAccountsEndpoints" name="test_create_account_low_category" time="0.298" /><testcase classname="tests.test_telegram_bot_manager.TestAccountsEndpoints" name="test_create_account_medium_category" time="0.036" /><testcase classname="tests.test_telegram_bot_manager.TestAccountsEndpoints" name="test_create_account_high_category" time="0.034" /><testcase classname="tests.test_telegram_bot_manager.TestAccountsEndpoints" name="test_get_accounts_list" time="0.040" /><testcase classname="tests.test_telegram_bot_manager.TestAccountsEndpoints" name="test_get_accounts_by_category" time="0.109" /><testcase classname="tests.test_telegram_bot_manager.TestAccountsEndpoints" name="test_get_accounts_stats" time="0.037" /><testcase classname="tests.test_telegram_bot_manager.TestAccountsEndpoints" name="test_update_account_status" time="0.154" /><testcase classname="tests.test_telegram_bot_manager.TestAccountsEndpoints" name="test_delete_account" time="0.150" /><testcase classname="tests.test_telegram_bot_manager.TestTemplatesEndpoints" name="test_create_template" time="0.345" /><testcase classname="tests.test_telegram_bot_manager.TestTemplatesEndpoints" name="test_get_templates_list" time="0.070" /><testcase classname="tests.test_telegram_bot_manager.TestTemplatesEndpoints" name="test_update_template" time="0.073" /><testcase classname="tests.test_telegram_bot_manager.TestTemplatesEndpoints" name="test_delete_template" time="0.102" /><testcase classname="tests.test_telegram_bot_manager.TestCampaignsEndpoints" name="test_create_campaign_with_categories" time="0.722" /><testcase classname="tests.test_telegram_bot_manager.TestCampaignsEndpoints" name="test_create_campaign_with_all_categories" time="0.036" /><testcase classname="tests.test_telegram_bot_manager.TestCampaignsEndpoints" name="test_create_campaign_with_tag_filter" time="0.036" /><testcase classname="tests.test_telegram_bot_manager.TestCampaignsEndpoints" name="test_get_campaigns_list" time="0.078" /><testcase classname="tests.test_telegram_bot_manager.TestCampaignsEndpoints" name="test_start_campaign" time="0.125" /><testcase classname="tests.test_telegram_bot_manager.TestCampaignsEndpoints" name="test_delete_campaign" time="0.105" /><testcase classname="tests.test_telegram_bot_manager.TestAnalyticsEndpoint" name="test_get_analytics" time="0.296" /><testcase classname="tests.test_telegram_bot_manager.TestContactsEndpoints" name="test_create_contact" time="0.299" /><testcase classname="tests.test_telegram_bot_manager.TestContactsEndpoints" name="test_get_contacts_list" time="0.036" /><testcase classname="tests.test_telegram_bot_manager.TestContactsEndpoints" name="test_get_contacts_by_tag" time="0.111" /><testcase classname="tests.test_telegram_bot_manager.TestContactsEndpoints" name="test_delete_contact" time="0.096" /><testcase classname="tests.test_telegram_bot_manager.TestHealthEndpoints" name="test_health_check" time="0.036" /><testcase classname="tests.test_telegram_bot_manager.TestHealthEndpoints" name="test_root_endpoint" time="0.035" /></testsuite></testsuites>